<?xml version="1.0" encoding="UTF-8"?>
<testsuite xmlns:xsi="http://www.w3.org/2001/XMLSchema-instance" xsi:noNamespaceSchemaLocation="https://maven.apache.org/surefire/maven-surefire-plugin/xsd/surefire-test-report-3.0.xsd" version="3.0" name="com.toolrentalstore.toolrentalpos.ToolRentalPos.services.OrderServiceTests" time="7.046" tests="1" errors="0" skipped="0" failures="0">
  <properties>
[...]
</properties>
  <testcase name="getChargableDaysForProductForDaysStarting" classname="com.toolrentalstore.toolrentalpos.ToolRentalPos.services.OrderServiceTests" time="0.589">
    <system-out><![CDATA[16:25:01.595 [main] INFO org.springframework.test.context.support.AnnotationConfigContextLoaderUtils -- Could not detect default configuration classes for test class [com.toolrentalstore.toolrentalpos.ToolRentalPos.services.OrderServiceTests]: OrderServiceTests does not declare any static, non-private, non-final, nested classes annotated with @Configuration.
16:25:01.765 [main] INFO org.springframework.boot.test.context.SpringBootTestContextBootstrapper -- Found @SpringBootConfiguration com.toolrentalstore.toolrentalpos.ToolRentalPos.ToolRentalPosApplication for test class com.toolrentalstore.toolrentalpos.ToolRentalPos.services.OrderServiceTests
16:25:02.096 [main] INFO org.springframework.boot.devtools.restart.RestartApplicationListener -- Restart disabled due to context in which it is running

  .   ____          _            __ _ _
 /\\ / ___'_ __ _ _(_)_ __  __ _ \ \ \ \
( ( )\___ | '_ | '_| | '_ \/ _` | \ \ \ \
 \\/  ___)| |_)| | | | | || (_| |  ) ) ) )
  '  |____| .__|_| |_|_| |_\__, | / / / /
 =========|_|==============|___/=/_/_/_/
 :: Spring Boot ::                (v3.2.2)

2024-07-09T16:25:02.571-04:00  INFO 932865 --- [           main] c.t.t.T.services.OrderServiceTests       : Starting OrderServiceTests using Java 17.0.11 with PID 932865 (started by senseitech in /home/senseitech/projects/cardinal-challenge/api)
2024-07-09T16:25:02.575-04:00  INFO 932865 --- [           main] c.t.t.T.services.OrderServiceTests       : No active profile set, falling back to 1 default profile: "default"
2024-07-09T16:25:03.930-04:00  INFO 932865 --- [           main] .s.d.r.c.RepositoryConfigurationDelegate : Bootstrapping Spring Data JPA repositories in DEFAULT mode.
2024-07-09T16:25:04.046-04:00  INFO 932865 --- [           main] .s.d.r.c.RepositoryConfigurationDelegate : Finished Spring Data repository scanning in 105 ms. Found 3 JPA repository interfaces.
2024-07-09T16:25:04.690-04:00  INFO 932865 --- [           main] com.zaxxer.hikari.HikariDataSource       : HikariPool-1 - Starting...
2024-07-09T16:25:04.939-04:00  INFO 932865 --- [           main] com.zaxxer.hikari.pool.HikariPool        : HikariPool-1 - Added connection org.postgresql.jdbc.PgConnection@fe09383
2024-07-09T16:25:04.942-04:00  INFO 932865 --- [           main] com.zaxxer.hikari.HikariDataSource       : HikariPool-1 - Start completed.
2024-07-09T16:25:04.998-04:00  INFO 932865 --- [           main] o.hibernate.jpa.internal.util.LogHelper  : HHH000204: Processing PersistenceUnitInfo [name: default]
2024-07-09T16:25:05.058-04:00  INFO 932865 --- [           main] org.hibernate.Version                    : HHH000412: Hibernate ORM core version 6.4.1.Final
2024-07-09T16:25:05.095-04:00  INFO 932865 --- [           main] o.h.c.internal.RegionFactoryInitiator    : HHH000026: Second-level cache disabled
2024-07-09T16:25:05.426-04:00  INFO 932865 --- [           main] o.s.o.j.p.SpringPersistenceUnitInfo      : No LoadTimeWeaver setup: ignoring JPA class transformer
2024-07-09T16:25:05.501-04:00  WARN 932865 --- [           main] org.hibernate.orm.deprecation            : HHH90000025: PostgreSQLDialect does not need to be specified explicitly using 'hibernate.dialect' (remove the property setting and it will be selected by default)
2024-07-09T16:25:06.605-04:00  INFO 932865 --- [           main] o.h.e.t.j.p.i.JtaPlatformInitiator       : HHH000489: No JTA platform available (set 'hibernate.transaction.jta.platform' to enable JTA platform integration)
2024-07-09T16:25:06.611-04:00  INFO 932865 --- [           main] j.LocalContainerEntityManagerFactoryBean : Initialized JPA EntityManagerFactory for persistence unit 'default'
2024-07-09T16:25:07.210-04:00  WARN 932865 --- [           main] JpaBaseConfiguration$JpaWebConfiguration : spring.jpa.open-in-view is enabled by default. Therefore, database queries may be performed during view rendering. Explicitly configure spring.jpa.open-in-view to disable this warning
2024-07-09T16:25:07.745-04:00  INFO 932865 --- [           main] c.t.t.T.services.OrderServiceTests       : Started OrderServiceTests in 5.67 seconds (process running for 7.266)
]]></system-out>
  </testcase>
</testsuite>