<?xml version="1.0" encoding="UTF-8"?>
<testsuite xmlns:xsi="http://www.w3.org/2001/XMLSchema-instance" xsi:noNamespaceSchemaLocation="https://maven.apache.org/surefire/maven-surefire-plugin/xsd/surefire-test-report-3.0.xsd" version="3.0" name="com.toolrentalstore.toolrentalpos.ToolRentalPos.services.OrderServiceTests" time="6.256" tests="3" errors="0" skipped="0" failures="0">
  <properties>
[...]
</properties>
  <testcase name="getChargableDaysForProductForDaysStarting" classname="com.toolrentalstore.toolrentalpos.ToolRentalPos.services.OrderServiceTests" time="0.561">
    <system-out><![CDATA[13:21:09.190 [main] INFO org.springframework.test.context.support.AnnotationConfigContextLoaderUtils -- Could not detect default configuration classes for test class [com.toolrentalstore.toolrentalpos.ToolRentalPos.services.OrderServiceTests]: OrderServiceTests does not declare any static, non-private, non-final, nested classes annotated with @Configuration.
13:21:09.330 [main] INFO org.springframework.boot.test.context.SpringBootTestContextBootstrapper -- Found @SpringBootConfiguration com.toolrentalstore.toolrentalpos.ToolRentalPos.ToolRentalPosApplication for test class com.toolrentalstore.toolrentalpos.ToolRentalPos.services.OrderServiceTests
13:21:09.500 [main] INFO org.springframework.boot.devtools.restart.RestartApplicationListener -- Restart disabled due to context in which it is running

  .   ____          _            __ _ _
 /\\ / ___'_ __ _ _(_)_ __  __ _ \ \ \ \
( ( )\___ | '_ | '_| | '_ \/ _` | \ \ \ \
 \\/  ___)| |_)| | | | | || (_| |  ) ) ) )
  '  |____| .__|_| |_|_| |_\__, | / / / /
 =========|_|==============|___/=/_/_/_/
 :: Spring Boot ::                (v3.2.2)

2024-07-10T13:21:09.773-04:00  INFO 2064734 --- [           main] c.t.t.T.services.OrderServiceTests       : Starting OrderServiceTests using Java 17.0.11 with PID 2064734 (started by david-eagle in /home/david-eagle/projects/cardinal-challenge/api)
2024-07-10T13:21:09.774-04:00  INFO 2064734 --- [           main] c.t.t.T.services.OrderServiceTests       : No active profile set, falling back to 1 default profile: "default"
2024-07-10T13:21:10.677-04:00  INFO 2064734 --- [           main] .s.d.r.c.RepositoryConfigurationDelegate : Bootstrapping Spring Data JPA repositories in DEFAULT mode.
2024-07-10T13:21:10.780-04:00  INFO 2064734 --- [           main] .s.d.r.c.RepositoryConfigurationDelegate : Finished Spring Data repository scanning in 92 ms. Found 3 JPA repository interfaces.
2024-07-10T13:21:11.335-04:00  INFO 2064734 --- [           main] com.zaxxer.hikari.HikariDataSource       : HikariPool-1 - Starting...
2024-07-10T13:21:11.539-04:00  INFO 2064734 --- [           main] com.zaxxer.hikari.pool.HikariPool        : HikariPool-1 - Added connection org.postgresql.jdbc.PgConnection@1de0641b
2024-07-10T13:21:11.541-04:00  INFO 2064734 --- [           main] com.zaxxer.hikari.HikariDataSource       : HikariPool-1 - Start completed.
2024-07-10T13:21:11.600-04:00  INFO 2064734 --- [           main] o.hibernate.jpa.internal.util.LogHelper  : HHH000204: Processing PersistenceUnitInfo [name: default]
2024-07-10T13:21:11.654-04:00  INFO 2064734 --- [           main] org.hibernate.Version                    : HHH000412: Hibernate ORM core version 6.4.1.Final
2024-07-10T13:21:11.776-04:00  INFO 2064734 --- [           main] o.h.c.internal.RegionFactoryInitiator    : HHH000026: Second-level cache disabled
2024-07-10T13:21:12.061-04:00  INFO 2064734 --- [           main] o.s.o.j.p.SpringPersistenceUnitInfo      : No LoadTimeWeaver setup: ignoring JPA class transformer
2024-07-10T13:21:12.119-04:00  WARN 2064734 --- [           main] org.hibernate.orm.deprecation            : HHH90000025: PostgreSQLDialect does not need to be specified explicitly using 'hibernate.dialect' (remove the property setting and it will be selected by default)
2024-07-10T13:21:13.076-04:00  INFO 2064734 --- [           main] o.h.e.t.j.p.i.JtaPlatformInitiator       : HHH000489: No JTA platform available (set 'hibernate.transaction.jta.platform' to enable JTA platform integration)
2024-07-10T13:21:13.080-04:00  INFO 2064734 --- [           main] j.LocalContainerEntityManagerFactoryBean : Initialized JPA EntityManagerFactory for persistence unit 'default'
2024-07-10T13:21:13.510-04:00  WARN 2064734 --- [           main] JpaBaseConfiguration$JpaWebConfiguration : spring.jpa.open-in-view is enabled by default. Therefore, database queries may be performed during view rendering. Explicitly configure spring.jpa.open-in-view to disable this warning
2024-07-10T13:21:13.976-04:00  INFO 2064734 --- [           main] c.t.t.T.services.OrderServiceTests       : Started OrderServiceTests in 4.49 seconds (process running for 5.471)
]]></system-out>
  </testcase>
  <testcase name="testRentalScenarios" classname="com.toolrentalstore.toolrentalpos.ToolRentalPos.services.OrderServiceTests" time="0.448">
    <system-out><![CDATA[--
Discount Percentage: 10
Discount Amount: 0.1990000039190054
Rental Fees: 1.9900000095367432
-- Order #99 Processed --
Tool Code: LADW
Tool Type: ladder
Tool brand: werner
Rental days: 3
Check out date: 07/02/20
Due date: 07/05/20
Daily rental char: $1.99
Charge days: 1
Pre-discount Charge : $1.99
Discount Percent: 10%
Discount Amount: $0.00
Final Charge: $1.79
--
Discount Percentage: 25
Discount Amount: 1.1175000667572021
Rental Fees: 4.470000267028809
-- Order #99 Processed --
Tool Code: CHNS
Tool Type: chainsaw
Tool brand: stihl
Rental days: 5
Check out date: 07/02/15
Due date: 07/07/15
Daily rental char: $1.49
Charge days: 3
Pre-discount Charge : $4.47
Discount Percent: 25%
Discount Amount: $1.00
Final Charge: $3.35
--
Discount Percentage: 0
Discount Amount: 0.0
Rental Fees: 8.970000267028809
-- Order #99 Processed --
Tool Code: JAKD
Tool Type: jackhammer
Tool brand: dewalt
Rental days: 6
Check out date: 09/03/15
Due date: 09/09/15
Daily rental char: $2.99
Charge days: 3
Pre-discount Charge : $8.97
Discount Percent: 0%
Discount Amount: $0.00
Final Charge: $8.97
--
Discount Percentage: 0
Discount Amount: 0.0
Rental Fees: 17.940000534057617
-- Order #99 Processed --
Tool Code: JAKR
Tool Type: jackhammer
Tool brand: ridgid
Rental days: 9
Check out date: 07/02/15
Due date: 07/11/15
Daily rental char: $2.99
Charge days: 6
Pre-discount Charge : $17.94
Discount Percent: 0%
Discount Amount: $0.00
Final Charge: $17.94
--
Discount Percentage: 50
Discount Amount: 1.4950000047683716
Rental Fees: 2.990000009536743
-- Order #99 Processed --
Tool Code: JAKR
Tool Type: jackhammer
Tool brand: ridgid
Rental days: 4
Check out date: 07/02/20
Due date: 07/06/20
Daily rental char: $2.99
Charge days: 1
Pre-discount Charge : $2.99
Discount Percent: 50%
Discount Amount: $1.00
Final Charge: $1.50
]]></system-out>
  </testcase>
  <testcase name="processOrder" classname="com.toolrentalstore.toolrentalpos.ToolRentalPos.services.OrderServiceTests" time="0.255">
    <system-out><![CDATA[--
Discount Percentage: 50
Discount Amount: 4.485000133514404
Rental Fees: 8.970000267028809
--
Order Created with id 32
Order Item created for tool: JAKD
--
Discount Percentage: 50
Discount Amount: 4.485000133514404
Rental Fees: 8.970000267028809
-- Order #32 Processed --
Tool Code: JAKD
Tool Type: jackhammer
Tool brand: dewalt
Rental days: 4
Check out date: 07/01/24
Due date: 07/05/24
Daily rental char: $2.99
Charge days: 3
Pre-discount Charge : $8.97
Discount Percent: 50%
Discount Amount: $4.00
Final Charge: $4.49
--
Discount Percentage: 50
Discount Amount: 11.450000286102295
Rental Fees: 22.90000057220459
--
Order Created with id 33
Order Item created for tool: JAKD
Order Item created for tool: LADW
--
Discount Percentage: 50
Discount Amount: 11.450000286102295
Rental Fees: 22.90000057220459
-- Order #33 Processed --
Tool Code: JAKD, LADW
Tool Type: jackhammer, ladder
Tool brand: dewalt, werner
Rental days: 8
Check out date: 07/01/24
Due date: 07/09/24
Daily rental char: $4.98
Charge days: 10
Pre-discount Charge : $22.90
Discount Percent: 50%
Discount Amount: $11.00
Final Charge: $11.45
]]></system-out>
  </testcase>
</testsuite>